Arguments: 
  /Users/fanyshu/.nvm/versions/node/v10.15.0/bin/node /Users/fanyshu/.nvm/versions/node/v10.15.0/bin/yarn init

PATH: 
  /Users/fanyshu/.nvm/versions/node/v10.15.0/bin:/usr/local/bin:/usr/bin:/bin:/usr/sbin:/sbin:/usr/local/go/bin:/usr/local/share/dotnet:/Library/Frameworks/Mono.framework/Versions/Current/Commands:/Applications/Xamarin Workbooks.app/Contents/SharedSupport/path-bin:/Users/fanyshu/.nvm/versions/node/v10.15.0/bin:/Users/fanyshu/bin:/Users/fanyshu/go/bin:/Users/fanyshu/.cargo/bin:/Users/fanyshu/bin:/Users/fanyshu/go/bin:/Users/fanyshu/.cargo/bin

Yarn version: 
  1.13.0

Node version: 
  10.15.0

Platform: 
  darwin x64

Trace: 
  Error: canceled
      at Interface.<anonymous> (/Users/fanyshu/.nvm/versions/node/v10.15.0/lib/node_modules/yarn/lib/cli.js:125657:13)
      at Interface.emit (events.js:182:13)
      at Interface._ttyWrite (readline.js:783:16)
      at ReadStream.onkeypress (readline.js:168:10)
      at ReadStream.emit (events.js:182:13)
      at emitKeys (internal/readline.js:424:14)
      at emitKeys.next (<anonymous>)
      at ReadStream.onData (readline.js:1022:36)
      at ReadStream.emit (events.js:182:13)
      at addChunk (_stream_readable.js:283:12)

npm manifest: 
  No manifest

yarn manifest: 
  No manifest

Lockfile: 
  No lockfile
